2024-10-09 10:29:03.2421 INFO Now listening on: https://localhost:7204 
2024-10-09 10:29:03.2565 INFO Now listening on: http://localhost:5032 
2024-10-09 10:29:03.2933 INFO Application started. Press Ctrl+C to shut down. 
2024-10-09 10:29:03.2933 INFO Hosting environment: Development 
2024-10-09 10:29:03.2933 INFO Content root path: C:\Users\admin\source\repos\Standart 
2024-10-09 10:29:03.9506 INFO Request starting HTTP/2 GET https://localhost:7204/swagger/index.html - - - 
2024-10-09 10:29:04.0450 INFO Request finished HTTP/2 GET https://localhost:7204/swagger/index.html - 404 0 - 98.4782ms 
2024-10-09 10:29:04.0450 INFO Request reached the end of the middleware pipeline without being handled by application code. Request path: GET https://localhost:7204/swagger/index.html, Response status code: 404 
2024-10-09 10:29:05.4129 INFO Request starting HTTP/2 GET https://localhost:7204/swagger/index.html - - - 
2024-10-09 10:29:05.4129 INFO Request finished HTTP/2 GET https://localhost:7204/swagger/index.html - 404 0 - 5.9548ms 
2024-10-09 10:29:05.4129 INFO Request reached the end of the middleware pipeline without being handled by application code. Request path: GET https://localhost:7204/swagger/index.html, Response status code: 404 
2024-10-09 10:29:20.8926 INFO Now listening on: https://localhost:7204 
2024-10-09 10:29:20.9106 INFO Now listening on: http://localhost:5032 
2024-10-09 10:29:20.9496 INFO Application started. Press Ctrl+C to shut down. 
2024-10-09 10:29:20.9496 INFO Hosting environment: Development 
2024-10-09 10:29:20.9496 INFO Content root path: C:\Users\admin\source\repos\Standart 
2024-10-09 10:29:21.0888 INFO Request starting HTTP/2 GET https://localhost:7204/swagger/index.html - - - 
2024-10-09 10:29:21.1879 INFO Request finished HTTP/2 GET https://localhost:7204/swagger/index.html - 404 0 - 102.1287ms 
2024-10-09 10:29:21.1879 INFO Request reached the end of the middleware pipeline without being handled by application code. Request path: GET https://localhost:7204/swagger/index.html, Response status code: 404 
2024-10-09 10:32:39.4466 INFO Request starting HTTP/2 GET https://localhost:7204/swagger/index.html - - - 
2024-10-09 10:32:39.4580 INFO Request finished HTTP/2 GET https://localhost:7204/swagger/index.html - 404 0 - 12.5736ms 
2024-10-09 10:32:39.4580 INFO Request reached the end of the middleware pipeline without being handled by application code. Request path: GET https://localhost:7204/swagger/index.html, Response status code: 404 
2024-10-09 10:32:46.2036 INFO Request starting HTTP/1.1 GET http://localhost:5032/swagger - - - 
2024-10-09 10:32:46.2203 INFO Request finished HTTP/1.1 GET http://localhost:5032/swagger - 404 0 - 16.6658ms 
2024-10-09 10:32:46.2203 INFO Request reached the end of the middleware pipeline without being handled by application code. Request path: GET http://localhost:5032/swagger, Response status code: 404 
2024-10-09 10:32:49.8830 INFO Request starting HTTP/1.1 GET http://localhost:5032/swagger - - - 
2024-10-09 10:32:49.8830 INFO Request finished HTTP/1.1 GET http://localhost:5032/swagger - 404 0 - 1.7331ms 
2024-10-09 10:32:49.8830 INFO Request reached the end of the middleware pipeline without being handled by application code. Request path: GET http://localhost:5032/swagger, Response status code: 404 
2024-10-09 10:32:54.3517 INFO Request starting HTTP/2 GET https://localhost:7204/swagger/index.html - - - 
2024-10-09 10:32:54.3517 INFO Request finished HTTP/2 GET https://localhost:7204/swagger/index.html - 404 0 - 1.7931ms 
2024-10-09 10:32:54.3517 INFO Request reached the end of the middleware pipeline without being handled by application code. Request path: GET https://localhost:7204/swagger/index.html, Response status code: 404 
2024-10-09 10:35:19.8151 INFO Now listening on: https://localhost:7204 
2024-10-09 10:35:19.8151 INFO Now listening on: http://localhost:5032 
2024-10-09 10:35:19.8616 INFO Application started. Press Ctrl+C to shut down. 
2024-10-09 10:35:19.8616 INFO Hosting environment: Development 
2024-10-09 10:35:19.8616 INFO Content root path: C:\Users\admin\source\repos\Standart 
2024-10-09 10:35:20.5578 INFO Request starting HTTP/2 GET https://localhost:7204/swagger/index.html - - - 
2024-10-09 10:35:20.6335 INFO Request finished HTTP/2 GET https://localhost:7204/swagger/index.html - 404 0 - 77.7419ms 
2024-10-09 10:35:20.6335 INFO Request reached the end of the middleware pipeline without being handled by application code. Request path: GET https://localhost:7204/swagger/index.html, Response status code: 404 
2024-10-09 10:35:22.1133 INFO Request starting HTTP/2 GET https://localhost:7204/swagger/index.html - - - 
2024-10-09 10:35:22.1133 INFO Request finished HTTP/2 GET https://localhost:7204/swagger/index.html - 404 0 - 4.2637ms 
2024-10-09 10:35:22.1133 INFO Request reached the end of the middleware pipeline without being handled by application code. Request path: GET https://localhost:7204/swagger/index.html, Response status code: 404 
2024-10-09 10:35:25.4499 INFO Request starting HTTP/2 GET https://localhost:7204/swagger/index.html - - - 
2024-10-09 10:35:25.4499 INFO Request finished HTTP/2 GET https://localhost:7204/swagger/index.html - 404 0 - 3.1326ms 
2024-10-09 10:35:25.4499 INFO Request reached the end of the middleware pipeline without being handled by application code. Request path: GET https://localhost:7204/swagger/index.html, Response status code: 404 
2024-10-09 10:37:17.5006 INFO Request starting HTTP/2 GET https://localhost:7204/api/address - - - 
2024-10-09 10:37:17.5006 INFO Executing endpoint 'AddressController.GetStandardizedAddress (Standart)' 
2024-10-09 10:37:17.5408 INFO Route matched with {action = "GetStandardizedAddress", controller = "Address"}. Executing controller action with signature System.Threading.Tasks.Task`1[Microsoft.AspNetCore.Mvc.IActionResult] GetStandardizedAddress(System.String) on controller AddressController (Standart). 
2024-10-09 10:37:17.6048 INFO Executing BadRequestObjectResult, writing value of type 'Microsoft.AspNetCore.Mvc.ValidationProblemDetails'. 
2024-10-09 10:37:17.6229 INFO Executed action AddressController.GetStandardizedAddress (Standart) in 78.204ms 
2024-10-09 10:37:17.6229 INFO Executed endpoint 'AddressController.GetStandardizedAddress (Standart)' 
2024-10-09 10:37:17.6229 INFO Request finished HTTP/2 GET https://localhost:7204/api/address - 400 - application/problem+json;+charset=utf-8 122.6029ms 
2024-10-09 10:37:17.7162 INFO Request starting HTTP/2 GET https://localhost:7204/favicon.ico - - - 
2024-10-09 10:37:17.7162 INFO Request finished HTTP/2 GET https://localhost:7204/favicon.ico - 404 0 - 0.4454ms 
2024-10-09 10:37:17.7162 INFO Request reached the end of the middleware pipeline without being handled by application code. Request path: GET https://localhost:7204/favicon.ico, Response status code: 404 
2024-10-09 10:39:06.3205 INFO Request starting HTTP/2 GET https://localhost:7204/favicon.ico - - - 
2024-10-09 10:39:06.3205 INFO Request finished HTTP/2 GET https://localhost:7204/favicon.ico - 404 0 - 0.5596ms 
2024-10-09 10:39:06.3205 INFO Request reached the end of the middleware pipeline without being handled by application code. Request path: GET https://localhost:7204/favicon.ico, Response status code: 404 
2024-10-09 10:43:28.4684 INFO Now listening on: https://localhost:7204 
2024-10-09 10:43:28.4811 INFO Now listening on: http://localhost:5032 
2024-10-09 10:43:28.5275 INFO Application started. Press Ctrl+C to shut down. 
2024-10-09 10:43:28.5275 INFO Hosting environment: Development 
2024-10-09 10:43:28.5275 INFO Content root path: C:\Users\admin\source\repos\Standart 
2024-10-09 10:43:29.3353 INFO Request starting HTTP/2 GET https://localhost:7204/swagger/index.html - - - 
2024-10-09 10:43:29.4260 INFO Request finished HTTP/2 GET https://localhost:7204/swagger/index.html - 404 0 - 93.9596ms 
2024-10-09 10:43:29.4260 INFO Request reached the end of the middleware pipeline without being handled by application code. Request path: GET https://localhost:7204/swagger/index.html, Response status code: 404 
2024-10-09 10:43:43.7400 INFO Request starting HTTP/2 GET https://localhost:7204/api/address - - - 
2024-10-09 10:43:43.7400 INFO Executing endpoint 'AddressController.GetStandardizedAddress (Standart)' 
2024-10-09 10:43:43.7611 INFO Route matched with {action = "GetStandardizedAddress", controller = "Address"}. Executing controller action with signature System.Threading.Tasks.Task`1[Microsoft.AspNetCore.Mvc.IActionResult] GetStandardizedAddress(System.String) on controller AddressController (Standart). 
2024-10-09 10:43:43.8221 INFO Executing BadRequestObjectResult, writing value of type 'Microsoft.AspNetCore.Mvc.ValidationProblemDetails'. 
2024-10-09 10:43:43.8401 INFO Executed action AddressController.GetStandardizedAddress (Standart) in 75.2407ms 
2024-10-09 10:43:43.8401 INFO Executed endpoint 'AddressController.GetStandardizedAddress (Standart)' 
2024-10-09 10:43:43.8401 INFO Request finished HTTP/2 GET https://localhost:7204/api/address - 400 - application/problem+json;+charset=utf-8 100.7114ms 
2024-10-09 10:46:30.2525 INFO Now listening on: https://localhost:7204 
2024-10-09 10:46:30.2682 INFO Now listening on: http://localhost:5032 
2024-10-09 10:46:30.3166 INFO Application started. Press Ctrl+C to shut down. 
2024-10-09 10:46:30.3166 INFO Hosting environment: Development 
2024-10-09 10:46:30.3166 INFO Content root path: C:\Users\admin\source\repos\Standart 
2024-10-09 10:46:31.0523 INFO Request starting HTTP/2 GET https://localhost:7204/swagger/index.html - - - 
2024-10-09 10:46:31.1547 INFO Request finished HTTP/2 GET https://localhost:7204/swagger/index.html - 404 0 - 106.7450ms 
2024-10-09 10:46:31.1547 INFO Request reached the end of the middleware pipeline without being handled by application code. Request path: GET https://localhost:7204/swagger/index.html, Response status code: 404 
2024-10-09 10:47:06.0317 INFO Request starting HTTP/2 GET https://localhost:7204/debug/index - - - 
2024-10-09 10:47:06.0426 INFO Request finished HTTP/2 GET https://localhost:7204/debug/index - 404 0 - 11.0254ms 
2024-10-09 10:47:06.0426 INFO Request reached the end of the middleware pipeline without being handled by application code. Request path: GET https://localhost:7204/debug/index, Response status code: 404 
2024-10-09 10:47:09.2052 INFO Request starting HTTP/2 GET https://localhost:7204/debug/ - - - 
2024-10-09 10:47:09.2052 INFO Executing endpoint 'Standart.Controllers.DebugController.Index (Standart)' 
2024-10-09 10:47:09.2052 INFO Route matched with {action = "Index", controller = "Debug"}. Executing controller action with signature Microsoft.AspNetCore.Mvc.IActionResult Index() on controller Standart.Controllers.DebugController (Standart). 
2024-10-09 10:48:09.1117 INFO User profile is available. Using 'C:\Users\admin\AppData\Local\ASP.NET\DataProtection-Keys' as key repository and Windows DPAPI to encrypt keys at rest. 
2024-10-09 10:48:09.3700 INFO Now listening on: https://localhost:7204 
2024-10-09 10:48:09.3700 INFO Now listening on: http://localhost:5032 
2024-10-09 10:48:09.4168 INFO Application started. Press Ctrl+C to shut down. 
2024-10-09 10:48:09.4168 INFO Hosting environment: Development 
2024-10-09 10:48:09.4168 INFO Content root path: C:\Users\admin\source\repos\Standart 
2024-10-09 10:48:09.7410 INFO Request starting HTTP/2 GET https://localhost:7204/swagger/index.html - - - 
2024-10-09 10:48:09.8329 INFO Request finished HTTP/2 GET https://localhost:7204/swagger/index.html - 404 0 - 94.8706ms 
2024-10-09 10:48:09.8329 INFO Request reached the end of the middleware pipeline without being handled by application code. Request path: GET https://localhost:7204/swagger/index.html, Response status code: 404 
2024-10-09 10:49:33.4818 INFO Request starting HTTP/2 GET https://localhost:7204/debug/index - - - 
2024-10-09 10:49:33.4925 INFO Request finished HTTP/2 GET https://localhost:7204/debug/index - 404 0 - 10.8151ms 
2024-10-09 10:49:33.4925 INFO Request reached the end of the middleware pipeline without being handled by application code. Request path: GET https://localhost:7204/debug/index, Response status code: 404 
2024-10-09 10:49:36.3618 INFO Request starting HTTP/2 GET https://localhost:7204/debug/ - - - 
2024-10-09 10:49:36.3618 INFO Executing endpoint 'Standart.Controllers.DebugController.Index (Standart)' 
2024-10-09 10:49:36.3776 INFO Route matched with {action = "Index", controller = "Debug"}. Executing controller action with signature Microsoft.AspNetCore.Mvc.IActionResult Index() on controller Standart.Controllers.DebugController (Standart). 
2024-10-09 10:49:36.3776 INFO Executing ViewResult, running view Index. 
2024-10-09 10:49:36.4101 INFO Executed ViewResult - view Index executed in 25.4727ms. 
2024-10-09 10:49:36.4101 INFO Executed action Standart.Controllers.DebugController.Index (Standart) in 32.6408ms 
2024-10-09 10:49:36.4101 INFO Executed endpoint 'Standart.Controllers.DebugController.Index (Standart)' 
2024-10-09 10:49:36.4101 WARN Unable to configure Browser Link script injection on the response.  
2024-10-09 10:49:36.4101 WARN Unable to configure browser refresh script injection on the response. Consider manually adding '<script src="/_framework/aspnetcore-browser-refresh.js"></script>' to the body of the page. 
2024-10-09 10:49:36.4101 INFO Request finished HTTP/2 GET https://localhost:7204/debug/ - 200 - text/html;+charset=utf-8 54.0328ms 
2024-10-09 10:49:44.0428 INFO Request starting HTTP/2 POST https://localhost:7204/debug/ - application/x-www-form-urlencoded 78 
2024-10-09 10:49:44.0428 INFO CORS policy execution successful. 
2024-10-09 10:49:44.0428 INFO Executing endpoint 'Standart.Controllers.DebugController.Index (Standart)' 
2024-10-09 10:49:44.0543 INFO Route matched with {action = "Index", controller = "Debug"}. Executing controller action with signature System.Threading.Tasks.Task`1[Microsoft.AspNetCore.Mvc.IActionResult] Index(System.String) on controller Standart.Controllers.DebugController (Standart). 
2024-10-09 10:49:44.0818 INFO Start processing HTTP request POST https://cleaner.dadata.ru/api/v1/clean/address 
2024-10-09 10:49:44.0818 INFO Sending HTTP request POST https://cleaner.dadata.ru/api/v1/clean/address 
2024-10-09 10:49:44.6572 INFO Received HTTP response headers after 572.2817ms - 200 
2024-10-09 10:49:44.6572 INFO End processing HTTP request after 577.7651ms - 200 
2024-10-09 10:49:44.6572 INFO Executing ViewResult, running view Index. 
2024-10-09 10:49:44.6572 INFO Executed ViewResult - view Index executed in 1.4562ms. 
2024-10-09 10:49:44.6572 INFO Executed action Standart.Controllers.DebugController.Index (Standart) in 611.9274ms 
2024-10-09 10:49:44.6572 INFO Executed endpoint 'Standart.Controllers.DebugController.Index (Standart)' 
2024-10-09 10:49:44.6572 WARN Unable to configure Browser Link script injection on the response.  
2024-10-09 10:49:44.6572 WARN Unable to configure browser refresh script injection on the response. Consider manually adding '<script src="/_framework/aspnetcore-browser-refresh.js"></script>' to the body of the page. 
2024-10-09 10:49:44.6572 INFO Request finished HTTP/2 POST https://localhost:7204/debug/ - 200 - text/html;+charset=utf-8 625.9146ms 
2024-10-09 10:50:02.4502 INFO Request starting HTTP/2 POST https://localhost:7204/debug/ - application/x-www-form-urlencoded 78 
2024-10-09 10:50:02.4502 INFO CORS policy execution successful. 
2024-10-09 10:50:02.4502 INFO Executing endpoint 'Standart.Controllers.DebugController.Index (Standart)' 
2024-10-09 10:50:02.4502 INFO Route matched with {action = "Index", controller = "Debug"}. Executing controller action with signature System.Threading.Tasks.Task`1[Microsoft.AspNetCore.Mvc.IActionResult] Index(System.String) on controller Standart.Controllers.DebugController (Standart). 
2024-10-09 10:50:02.4502 INFO Start processing HTTP request POST https://cleaner.dadata.ru/api/v1/clean/address 
2024-10-09 10:50:02.4502 INFO Sending HTTP request POST https://cleaner.dadata.ru/api/v1/clean/address 
2024-10-09 10:50:02.7689 INFO Received HTTP response headers after 315.2336ms - 200 
2024-10-09 10:50:02.7689 INFO End processing HTTP request after 315.4047ms - 200 
2024-10-09 10:50:02.7689 INFO Executing ViewResult, running view Index. 
2024-10-09 10:50:02.7689 INFO Executed ViewResult - view Index executed in 1.2803ms. 
2024-10-09 10:50:02.7689 INFO Executed action Standart.Controllers.DebugController.Index (Standart) in 318.6195ms 
2024-10-09 10:50:02.7689 INFO Executed endpoint 'Standart.Controllers.DebugController.Index (Standart)' 
2024-10-09 10:50:02.7689 WARN Unable to configure Browser Link script injection on the response.  
2024-10-09 10:52:20.4643 INFO User profile is available. Using 'C:\Users\admin\AppData\Local\ASP.NET\DataProtection-Keys' as key repository and Windows DPAPI to encrypt keys at rest. 
2024-10-09 10:52:20.6368 INFO Now listening on: https://localhost:7204 
2024-10-09 10:52:20.6368 INFO Now listening on: http://localhost:5032 
2024-10-09 10:52:20.6815 INFO Application started. Press Ctrl+C to shut down. 
2024-10-09 10:52:20.6815 INFO Hosting environment: Development 
2024-10-09 10:52:20.6815 INFO Content root path: C:\Users\admin\source\repos\Standart 
2024-10-09 10:52:21.0172 INFO Request starting HTTP/2 GET https://localhost:7204/swagger/index.html - - - 
2024-10-09 10:52:21.1129 INFO Request finished HTTP/2 GET https://localhost:7204/swagger/index.html - 404 0 - 99.2965ms 
2024-10-09 10:52:21.1129 INFO Request reached the end of the middleware pipeline without being handled by application code. Request path: GET https://localhost:7204/swagger/index.html, Response status code: 404 
2024-10-09 10:52:27.7743 INFO Request starting HTTP/2 GET https://localhost:7204/debug - - - 
2024-10-09 10:52:27.7743 INFO Executing endpoint 'Standart.Controllers.DebugController.Index (Standart)' 
2024-10-09 10:52:27.7929 INFO Route matched with {action = "Index", controller = "Debug"}. Executing controller action with signature Microsoft.AspNetCore.Mvc.IActionResult Index() on controller Standart.Controllers.DebugController (Standart). 
2024-10-09 10:52:27.8014 INFO Executing ViewResult, running view Index. 
2024-10-09 10:52:27.8268 INFO Executed ViewResult - view Index executed in 25.7724ms. 
2024-10-09 10:52:27.8268 INFO Executed action Standart.Controllers.DebugController.Index (Standart) in 34.0938ms 
2024-10-09 10:52:27.8268 INFO Executed endpoint 'Standart.Controllers.DebugController.Index (Standart)' 
2024-10-09 10:52:27.8268 WARN Unable to configure Browser Link script injection on the response.  
2024-10-09 10:52:31.8619 INFO Request starting HTTP/2 POST https://localhost:7204/debug - application/x-www-form-urlencoded 78 
2024-10-09 10:52:31.8619 INFO CORS policy execution successful. 
2024-10-09 10:52:31.8619 INFO Executing endpoint 'Standart.Controllers.DebugController.Index (Standart)' 
2024-10-09 10:52:31.8619 INFO Route matched with {action = "Index", controller = "Debug"}. Executing controller action with signature System.Threading.Tasks.Task`1[Microsoft.AspNetCore.Mvc.IActionResult] Index(System.String) on controller Standart.Controllers.DebugController (Standart). 
2024-10-09 10:52:31.8986 INFO Start processing HTTP request POST https://cleaner.dadata.ru/api/v1/clean/address 
2024-10-09 10:52:31.8986 INFO Sending HTTP request POST https://cleaner.dadata.ru/api/v1/clean/address 
2024-10-09 10:52:32.2934 INFO Received HTTP response headers after 391.7506ms - 200 
2024-10-09 10:52:32.2934 INFO End processing HTTP request after 397.2698ms - 200 
2024-10-09 10:56:26.4340 INFO User profile is available. Using 'C:\Users\admin\AppData\Local\ASP.NET\DataProtection-Keys' as key repository and Windows DPAPI to encrypt keys at rest. 
2024-10-09 10:56:26.6328 INFO Now listening on: https://localhost:7204 
2024-10-09 10:56:26.6328 INFO Now listening on: http://localhost:5032 
2024-10-09 10:56:26.6734 INFO Application started. Press Ctrl+C to shut down. 
2024-10-09 10:56:26.6734 INFO Hosting environment: Development 
2024-10-09 10:56:26.6734 INFO Content root path: C:\Users\admin\source\repos\Standart 
2024-10-09 10:56:27.1111 INFO Request starting HTTP/2 GET https://localhost:7204/swagger/index.html - - - 
2024-10-09 10:56:27.2109 INFO Request finished HTTP/2 GET https://localhost:7204/swagger/index.html - 404 0 - 103.5172ms 
2024-10-09 10:56:27.2109 INFO Request reached the end of the middleware pipeline without being handled by application code. Request path: GET https://localhost:7204/swagger/index.html, Response status code: 404 
2024-10-09 10:56:34.5421 INFO Request starting HTTP/1.1 GET http://localhost:5032/api/address - - - 
2024-10-09 10:56:34.5421 INFO Executing endpoint 'AddressController.GetStandardizedAddress (Standart)' 
2024-10-09 10:56:34.5606 INFO Route matched with {action = "GetStandardizedAddress", controller = "Address"}. Executing controller action with signature System.Threading.Tasks.Task`1[Microsoft.AspNetCore.Mvc.IActionResult] GetStandardizedAddress(System.String) on controller AddressController (Standart). 
2024-10-09 10:56:34.6326 INFO Executing BadRequestObjectResult, writing value of type 'Microsoft.AspNetCore.Mvc.ValidationProblemDetails'. 
2024-10-09 10:56:34.6698 INFO Executed action AddressController.GetStandardizedAddress (Standart) in 105.4624ms 
2024-10-09 10:56:34.6698 INFO Executed endpoint 'AddressController.GetStandardizedAddress (Standart)' 
2024-10-09 10:56:34.6698 INFO Request finished HTTP/1.1 GET http://localhost:5032/api/address - 400 - application/problem+json;+charset=utf-8 128.2931ms 
2024-10-09 10:56:42.2683 INFO Request starting HTTP/1.1 GET http://localhost:5032/api/address - - - 
2024-10-09 10:56:42.2683 INFO Executing endpoint 'AddressController.GetStandardizedAddress (Standart)' 
2024-10-09 10:56:42.2683 INFO Route matched with {action = "GetStandardizedAddress", controller = "Address"}. Executing controller action with signature System.Threading.Tasks.Task`1[Microsoft.AspNetCore.Mvc.IActionResult] GetStandardizedAddress(System.String) on controller AddressController (Standart). 
2024-10-09 10:56:42.2683 INFO Executing BadRequestObjectResult, writing value of type 'Microsoft.AspNetCore.Mvc.ValidationProblemDetails'. 
2024-10-09 10:56:42.2683 INFO Executed action AddressController.GetStandardizedAddress (Standart) in 1.0529ms 
2024-10-09 10:56:42.2683 INFO Executed endpoint 'AddressController.GetStandardizedAddress (Standart)' 
2024-10-09 10:56:42.2683 INFO Request finished HTTP/1.1 GET http://localhost:5032/api/address - 400 - application/problem+json;+charset=utf-8 3.0231ms 
2024-10-09 10:57:15.4258 INFO Request starting HTTP/1.1 GET http://localhost:5032/api/address/https://www.flaticon.com/ - - - 
2024-10-09 10:57:15.4258 INFO Request finished HTTP/1.1 GET http://localhost:5032/api/address/https://www.flaticon.com/ - 404 0 - 3.7471ms 
2024-10-09 10:57:15.4258 INFO Request reached the end of the middleware pipeline without being handled by application code. Request path: GET http://localhost:5032/api/address/https://www.flaticon.com/, Response status code: 404 
2024-10-09 10:57:19.2845 INFO Request starting HTTP/1.1 GET http://localhost:5032/api/address/https://www.flaticon.com/ - - - 
2024-10-09 10:57:19.2845 INFO Request finished HTTP/1.1 GET http://localhost:5032/api/address/https://www.flaticon.com/ - 404 0 - 0.7095ms 
2024-10-09 10:57:19.2845 INFO Request reached the end of the middleware pipeline without being handled by application code. Request path: GET http://localhost:5032/api/address/https://www.flaticon.com/, Response status code: 404 
2024-10-09 10:57:20.5175 INFO Request starting HTTP/1.1 GET http://localhost:5032/api/address/https://www.flaticon.com/ - - - 
2024-10-09 10:57:20.5175 INFO Request finished HTTP/1.1 GET http://localhost:5032/api/address/https://www.flaticon.com/ - 404 0 - 0.5223ms 
2024-10-09 10:57:20.5175 INFO Request reached the end of the middleware pipeline without being handled by application code. Request path: GET http://localhost:5032/api/address/https://www.flaticon.com/, Response status code: 404 
2024-10-09 10:57:30.2370 INFO Request starting HTTP/1.1 GET http://localhost:5032/api/address/flaticon.com/ - - - 
2024-10-09 10:57:30.2370 INFO Request finished HTTP/1.1 GET http://localhost:5032/api/address/flaticon.com/ - 404 0 - 0.7388ms 
2024-10-09 10:57:30.2370 INFO Request reached the end of the middleware pipeline without being handled by application code. Request path: GET http://localhost:5032/api/address/flaticon.com/, Response status code: 404 
2024-10-09 10:57:33.7370 INFO Request starting HTTP/1.1 GET http://localhost:5032/api/address/flaticon.com/ - - - 
2024-10-09 10:57:33.7370 INFO Request finished HTTP/1.1 GET http://localhost:5032/api/address/flaticon.com/ - 404 0 - 0.9708ms 
2024-10-09 10:57:33.7370 INFO Request reached the end of the middleware pipeline without being handled by application code. Request path: GET http://localhost:5032/api/address/flaticon.com/, Response status code: 404 
2024-10-09 10:57:40.4106 INFO Request starting HTTP/1.1 GET http://localhost:5032/api/address/www/flaticon.com/ - - - 
2024-10-09 10:57:40.4106 INFO Request finished HTTP/1.1 GET http://localhost:5032/api/address/www/flaticon.com/ - 404 0 - 0.6994ms 
2024-10-09 10:57:40.4106 INFO Request reached the end of the middleware pipeline without being handled by application code. Request path: GET http://localhost:5032/api/address/www/flaticon.com/, Response status code: 404 
2024-10-09 10:57:53.9449 INFO Request starting HTTP/2 GET https://localhost:7204/api/address/www/flaticon.com/ - - - 
2024-10-09 10:57:53.9449 INFO Request finished HTTP/2 GET https://localhost:7204/api/address/www/flaticon.com/ - 404 0 - 8.3873ms 
2024-10-09 10:57:53.9449 INFO Request reached the end of the middleware pipeline without being handled by application code. Request path: GET https://localhost:7204/api/address/www/flaticon.com/, Response status code: 404 
2024-10-09 10:57:57.2593 INFO Request starting HTTP/2 GET https://localhost:7204/api/address - - - 
2024-10-09 10:57:57.2593 INFO Executing endpoint 'AddressController.GetStandardizedAddress (Standart)' 
2024-10-09 10:57:57.2593 INFO Route matched with {action = "GetStandardizedAddress", controller = "Address"}. Executing controller action with signature System.Threading.Tasks.Task`1[Microsoft.AspNetCore.Mvc.IActionResult] GetStandardizedAddress(System.String) on controller AddressController (Standart). 
2024-10-09 10:57:57.2593 INFO Executing BadRequestObjectResult, writing value of type 'Microsoft.AspNetCore.Mvc.ValidationProblemDetails'. 
2024-10-09 10:57:57.2593 INFO Executed action AddressController.GetStandardizedAddress (Standart) in 4.5705ms 
2024-10-09 10:57:57.2593 INFO Executed endpoint 'AddressController.GetStandardizedAddress (Standart)' 
2024-10-09 10:57:57.2593 INFO Request finished HTTP/2 GET https://localhost:7204/api/address - 400 - application/problem+json;+charset=utf-8 7.5701ms 
2024-10-09 10:58:03.1886 INFO Request starting HTTP/2 GET https://localhost:7204/api/address/jkk - - - 
2024-10-09 10:58:03.1886 INFO Request finished HTTP/2 GET https://localhost:7204/api/address/jkk - 404 0 - 1.7755ms 
2024-10-09 10:58:03.1886 INFO Request reached the end of the middleware pipeline without being handled by application code. Request path: GET https://localhost:7204/api/address/jkk, Response status code: 404 
2024-10-09 10:59:00.8371 INFO User profile is available. Using 'C:\Users\admin\AppData\Local\ASP.NET\DataProtection-Keys' as key repository and Windows DPAPI to encrypt keys at rest. 
2024-10-09 10:59:01.0248 INFO Now listening on: https://localhost:7204 
2024-10-09 10:59:01.0248 INFO Now listening on: http://localhost:5032 
2024-10-09 10:59:01.0745 INFO Application started. Press Ctrl+C to shut down. 
2024-10-09 10:59:01.0745 INFO Hosting environment: Development 
2024-10-09 10:59:01.0745 INFO Content root path: C:\Users\admin\source\repos\Standart 
2024-10-09 10:59:01.5845 INFO Request starting HTTP/2 GET https://localhost:7204/swagger/index.html - - - 
2024-10-09 10:59:01.6715 INFO Request finished HTTP/2 GET https://localhost:7204/swagger/index.html - 404 0 - 89.7979ms 
2024-10-09 10:59:01.6715 INFO Request reached the end of the middleware pipeline without being handled by application code. Request path: GET https://localhost:7204/swagger/index.html, Response status code: 404 
2024-10-09 10:59:15.7375 INFO Request starting HTTP/1.1 GET http://localhost:5032/api/address?address=https://www.flaticon.com/ - - - 
2024-10-09 10:59:15.7375 INFO Executing endpoint 'AddressController.GetStandardizedAddress (Standart)' 
2024-10-09 10:59:15.7651 INFO Route matched with {action = "GetStandardizedAddress", controller = "Address"}. Executing controller action with signature System.Threading.Tasks.Task`1[Microsoft.AspNetCore.Mvc.IActionResult] GetStandardizedAddress(System.String) on controller AddressController (Standart). 
2024-10-09 10:59:15.8360 INFO Start processing HTTP request POST https://cleaner.dadata.ru/api/v1/clean/address 
2024-10-09 10:59:15.8360 INFO Sending HTTP request POST https://cleaner.dadata.ru/api/v1/clean/address 
2024-10-09 10:59:16.3798 INFO Received HTTP response headers after 540.1326ms - 200 
2024-10-09 10:59:16.3798 INFO End processing HTTP request after 546.2393ms - 200 
2024-10-09 10:59:16.3798 INFO Executing OkObjectResult, writing value of type 'Standart.Models.AddressResponse'. 
2024-10-09 10:59:16.3981 INFO Executed action AddressController.GetStandardizedAddress (Standart) in 629.29ms 
2024-10-09 10:59:16.3981 INFO Executed endpoint 'AddressController.GetStandardizedAddress (Standart)' 
2024-10-09 10:59:16.3981 INFO Request finished HTTP/1.1 GET http://localhost:5032/api/address?address=https://www.flaticon.com/ - 200 - application/json;+charset=utf-8 662.3649ms 
2024-10-09 10:59:16.4806 INFO Request starting HTTP/1.1 GET http://localhost:5032/favicon.ico - - - 
2024-10-09 10:59:16.4806 INFO Request finished HTTP/1.1 GET http://localhost:5032/favicon.ico - 404 0 - 1.3401ms 
2024-10-09 10:59:16.4806 INFO Request reached the end of the middleware pipeline without being handled by application code. Request path: GET http://localhost:5032/favicon.ico, Response status code: 404 
2024-10-09 10:59:28.6470 INFO Request starting HTTP/1.1 GET http://localhost:5032/api/address?address=www.flaticon.com - - - 
2024-10-09 10:59:28.6470 INFO Executing endpoint 'AddressController.GetStandardizedAddress (Standart)' 
2024-10-09 10:59:28.6470 INFO Route matched with {action = "GetStandardizedAddress", controller = "Address"}. Executing controller action with signature System.Threading.Tasks.Task`1[Microsoft.AspNetCore.Mvc.IActionResult] GetStandardizedAddress(System.String) on controller AddressController (Standart). 
2024-10-09 10:59:28.6470 INFO Start processing HTTP request POST https://cleaner.dadata.ru/api/v1/clean/address 
2024-10-09 10:59:28.6470 INFO Sending HTTP request POST https://cleaner.dadata.ru/api/v1/clean/address 
2024-10-09 10:59:28.7776 INFO Received HTTP response headers after 127.3274ms - 200 
2024-10-09 10:59:28.7776 INFO End processing HTTP request after 127.5018ms - 200 
2024-10-09 10:59:28.7776 INFO Executing OkObjectResult, writing value of type 'Standart.Models.AddressResponse'. 
2024-10-09 10:59:28.7776 INFO Executed action AddressController.GetStandardizedAddress (Standart) in 129.6392ms 
2024-10-09 10:59:28.7776 INFO Executed endpoint 'AddressController.GetStandardizedAddress (Standart)' 
2024-10-09 10:59:28.7776 INFO Request finished HTTP/1.1 GET http://localhost:5032/api/address?address=www.flaticon.com - 200 - application/json;+charset=utf-8 132.1445ms 
2024-10-09 10:59:41.3247 INFO Request starting HTTP/1.1 GET http://localhost:5032/api/address?address= - - - 
2024-10-09 10:59:41.3247 INFO Executing endpoint 'AddressController.GetStandardizedAddress (Standart)' 
2024-10-09 10:59:41.3247 INFO Route matched with {action = "GetStandardizedAddress", controller = "Address"}. Executing controller action with signature System.Threading.Tasks.Task`1[Microsoft.AspNetCore.Mvc.IActionResult] GetStandardizedAddress(System.String) on controller AddressController (Standart). 
2024-10-09 10:59:41.3298 INFO Executing BadRequestObjectResult, writing value of type 'Microsoft.AspNetCore.Mvc.ValidationProblemDetails'. 
2024-10-09 10:59:41.3298 INFO Executed action AddressController.GetStandardizedAddress (Standart) in 16.2431ms 
2024-10-09 10:59:41.3298 INFO Executed endpoint 'AddressController.GetStandardizedAddress (Standart)' 
2024-10-09 10:59:41.3298 INFO Request finished HTTP/1.1 GET http://localhost:5032/api/address?address= - 400 - application/problem+json;+charset=utf-8 18.6403ms 
2024-10-09 10:59:48.6928 INFO Request starting HTTP/1.1 GET http://localhost:5032/api/address?address=89889-0-0 - - - 
2024-10-09 10:59:48.6928 INFO Executing endpoint 'AddressController.GetStandardizedAddress (Standart)' 
2024-10-09 10:59:48.6928 INFO Route matched with {action = "GetStandardizedAddress", controller = "Address"}. Executing controller action with signature System.Threading.Tasks.Task`1[Microsoft.AspNetCore.Mvc.IActionResult] GetStandardizedAddress(System.String) on controller AddressController (Standart). 
2024-10-09 10:59:48.6928 INFO Start processing HTTP request POST https://cleaner.dadata.ru/api/v1/clean/address 
2024-10-09 10:59:48.6928 INFO Sending HTTP request POST https://cleaner.dadata.ru/api/v1/clean/address 
2024-10-09 10:59:49.3024 INFO Received HTTP response headers after 607.5319ms - 200 
2024-10-09 10:59:49.3024 INFO End processing HTTP request after 607.7325ms - 200 
2024-10-09 10:59:49.3024 INFO Executing OkObjectResult, writing value of type 'Standart.Models.AddressResponse'. 
2024-10-09 10:59:49.3024 INFO Executed action AddressController.GetStandardizedAddress (Standart) in 608.4922ms 
2024-10-09 10:59:49.3024 INFO Executed endpoint 'AddressController.GetStandardizedAddress (Standart)' 
2024-10-09 10:59:49.3024 INFO Request finished HTTP/1.1 GET http://localhost:5032/api/address?address=89889-0-0 - 200 - application/json;+charset=utf-8 610.5465ms 
2024-10-09 11:00:47.0691 INFO Request starting HTTP/1.1 GET http://localhost:5032/api/address/www/flaticon.com/ - - - 
2024-10-09 11:00:47.0691 INFO Request finished HTTP/1.1 GET http://localhost:5032/api/address/www/flaticon.com/ - 404 0 - 2.0075ms 
2024-10-09 11:00:47.0691 INFO Request reached the end of the middleware pipeline without being handled by application code. Request path: GET http://localhost:5032/api/address/www/flaticon.com/, Response status code: 404 
2024-10-09 11:03:21.6228 INFO User profile is available. Using 'C:\Users\admin\AppData\Local\ASP.NET\DataProtection-Keys' as key repository and Windows DPAPI to encrypt keys at rest. 
2024-10-09 11:03:21.7961 INFO Now listening on: https://localhost:7204 
2024-10-09 11:03:21.7961 INFO Now listening on: http://localhost:5032 
2024-10-09 11:03:21.8391 INFO Application started. Press Ctrl+C to shut down. 
2024-10-09 11:03:21.8391 INFO Hosting environment: Development 
2024-10-09 11:03:21.8391 INFO Content root path: C:\Users\admin\source\repos\Standart 
2024-10-09 11:03:22.1402 INFO Request starting HTTP/2 GET https://localhost:7204/api/address?address=%D0%9B%D0%B5%D0%BD%D0%B8%D0%BD%D0%B0,%201 - - - 
2024-10-09 11:03:22.2277 INFO Executing endpoint 'AddressController.GetStandardizedAddress (Standart)' 
2024-10-09 11:03:22.2422 INFO Route matched with {action = "GetStandardizedAddress", controller = "Address"}. Executing controller action with signature System.Threading.Tasks.Task`1[Microsoft.AspNetCore.Mvc.IActionResult] GetStandardizedAddress(System.String) on controller AddressController (Standart). 
2024-10-09 11:03:22.3109 INFO Start processing HTTP request POST https://cleaner.dadata.ru/api/v1/clean/address 
2024-10-09 11:03:22.3109 INFO Sending HTTP request POST https://cleaner.dadata.ru/api/v1/clean/address 
2024-10-09 11:03:22.7518 INFO Received HTTP response headers after 436.9195ms - 200 
2024-10-09 11:03:22.7518 INFO End processing HTTP request after 443.8254ms - 200 
2024-10-09 11:03:22.7518 INFO Executing OkObjectResult, writing value of type 'Standart.Models.AddressResponse'. 
2024-10-09 11:03:22.7691 INFO Executed action AddressController.GetStandardizedAddress (Standart) in 524.1829ms 
2024-10-09 11:03:22.7691 INFO Executed endpoint 'AddressController.GetStandardizedAddress (Standart)' 
2024-10-09 11:03:22.7691 INFO Request finished HTTP/2 GET https://localhost:7204/api/address?address=%D0%9B%D0%B5%D0%BD%D0%B8%D0%BD%D0%B0,%201 - 200 - application/json;+charset=utf-8 634.9498ms 
2024-10-09 11:04:52.6049 INFO User profile is available. Using 'C:\Users\admin\AppData\Local\ASP.NET\DataProtection-Keys' as key repository and Windows DPAPI to encrypt keys at rest. 
2024-10-09 11:04:52.7919 INFO Now listening on: https://localhost:7204 
2024-10-09 11:04:52.7919 INFO Now listening on: http://localhost:5032 
2024-10-09 11:04:52.8444 INFO Application started. Press Ctrl+C to shut down. 
2024-10-09 11:04:52.8444 INFO Hosting environment: Development 
2024-10-09 11:04:52.8444 INFO Content root path: C:\Users\admin\source\repos\Standart 
2024-10-09 11:04:53.1256 INFO Request starting HTTP/2 GET https://localhost:7204/api/address?address=%D0%9A%D0%BE%D0%BB%D1%8C%D1%86%D0%BE%D0%B2%D1%81%D0%BA%D0%B0%D1%8F%20%D1%83%D0%BB.,%2035 - - - 
2024-10-09 11:04:53.2099 INFO Executing endpoint 'AddressController.GetStandardizedAddress (Standart)' 
2024-10-09 11:04:53.2276 INFO Route matched with {action = "GetStandardizedAddress", controller = "Address"}. Executing controller action with signature System.Threading.Tasks.Task`1[Microsoft.AspNetCore.Mvc.IActionResult] GetStandardizedAddress(System.String) on controller AddressController (Standart). 
2024-10-09 11:04:53.3017 INFO Start processing HTTP request POST https://cleaner.dadata.ru/api/v1/clean/address 
2024-10-09 11:04:53.3017 INFO Sending HTTP request POST https://cleaner.dadata.ru/api/v1/clean/address 
2024-10-09 11:04:53.8707 INFO Received HTTP response headers after 565.0182ms - 200 
2024-10-09 11:04:53.8707 INFO End processing HTTP request after 571.7975ms - 200 
2024-10-09 11:04:53.8819 INFO Executing OkObjectResult, writing value of type 'Standart.Models.AddressResponse'. 
2024-10-09 11:04:53.8819 INFO Executed action AddressController.GetStandardizedAddress (Standart) in 658.3497ms 
2024-10-09 11:04:53.8819 INFO Executed endpoint 'AddressController.GetStandardizedAddress (Standart)' 
2024-10-09 11:04:53.8819 INFO Request finished HTTP/2 GET https://localhost:7204/api/address?address=%D0%9A%D0%BE%D0%BB%D1%8C%D1%86%D0%BE%D0%B2%D1%81%D0%BA%D0%B0%D1%8F%20%D1%83%D0%BB.,%2035 - 200 - application/json;+charset=utf-8 769.3765ms 
2024-10-09 11:05:17.2533 INFO User profile is available. Using 'C:\Users\admin\AppData\Local\ASP.NET\DataProtection-Keys' as key repository and Windows DPAPI to encrypt keys at rest. 
2024-10-09 11:05:17.4358 INFO Now listening on: https://localhost:7204 
2024-10-09 11:05:17.4358 INFO Now listening on: http://localhost:5032 
2024-10-09 11:05:17.5078 INFO Application started. Press Ctrl+C to shut down. 
2024-10-09 11:05:17.5078 INFO Hosting environment: Development 
2024-10-09 11:05:17.5078 INFO Content root path: C:\Users\admin\source\repos\Standart 
2024-10-09 11:05:18.2435 INFO Request starting HTTP/2 GET https://localhost:7204/api/address?address=%D0%9A%D0%BE%D0%BB%D1%8C%D1%86%D0%BE%D0%B2%D1%81%D0%BA%D0%B0%D1%8F,%2035 - - - 
2024-10-09 11:05:18.3323 INFO Executing endpoint 'AddressController.GetStandardizedAddress (Standart)' 
2024-10-09 11:05:18.3479 INFO Route matched with {action = "GetStandardizedAddress", controller = "Address"}. Executing controller action with signature System.Threading.Tasks.Task`1[Microsoft.AspNetCore.Mvc.IActionResult] GetStandardizedAddress(System.String) on controller AddressController (Standart). 
2024-10-09 11:05:18.4200 INFO Start processing HTTP request POST https://cleaner.dadata.ru/api/v1/clean/address 
2024-10-09 11:05:18.4200 INFO Sending HTTP request POST https://cleaner.dadata.ru/api/v1/clean/address 
2024-10-09 11:05:18.8278 INFO Received HTTP response headers after 403.4792ms - 200 
2024-10-09 11:05:18.8278 INFO End processing HTTP request after 410.3013ms - 200 
2024-10-09 11:05:18.8390 INFO Executing OkObjectResult, writing value of type 'Standart.Models.AddressResponse'. 
2024-10-09 11:05:18.8458 INFO Executed action AddressController.GetStandardizedAddress (Standart) in 495.0626ms 
2024-10-09 11:05:18.8458 INFO Executed endpoint 'AddressController.GetStandardizedAddress (Standart)' 
2024-10-09 11:05:18.8458 INFO Request finished HTTP/2 GET https://localhost:7204/api/address?address=%D0%9A%D0%BE%D0%BB%D1%8C%D1%86%D0%BE%D0%B2%D1%81%D0%BA%D0%B0%D1%8F,%2035 - 200 - application/json;+charset=utf-8 608.6676ms 
2024-10-09 11:05:25.0413 INFO Request starting HTTP/2 GET https://localhost:7204/api/address?address=%D0%9A%D0%BE%D0%BB%D1%8C%D1%86%D0%BE%D0%B2%D1%81%D0%BA%D0%B0%D1%8F,35 - - - 
2024-10-09 11:05:25.0413 INFO Executing endpoint 'AddressController.GetStandardizedAddress (Standart)' 
2024-10-09 11:05:25.0413 INFO Route matched with {action = "GetStandardizedAddress", controller = "Address"}. Executing controller action with signature System.Threading.Tasks.Task`1[Microsoft.AspNetCore.Mvc.IActionResult] GetStandardizedAddress(System.String) on controller AddressController (Standart). 
2024-10-09 11:05:25.0413 INFO Start processing HTTP request POST https://cleaner.dadata.ru/api/v1/clean/address 
2024-10-09 11:05:25.0413 INFO Sending HTTP request POST https://cleaner.dadata.ru/api/v1/clean/address 
2024-10-09 11:05:25.1896 INFO Received HTTP response headers after 142.5192ms - 200 
2024-10-09 11:05:25.1896 INFO End processing HTTP request after 142.7118ms - 200 
2024-10-09 11:05:25.1896 INFO Executing OkObjectResult, writing value of type 'Standart.Models.AddressResponse'. 
2024-10-09 11:05:25.1896 INFO Executed action AddressController.GetStandardizedAddress (Standart) in 144.3069ms 
2024-10-09 11:05:25.1896 INFO Executed endpoint 'AddressController.GetStandardizedAddress (Standart)' 
2024-10-09 11:05:25.1896 INFO Request finished HTTP/2 GET https://localhost:7204/api/address?address=%D0%9A%D0%BE%D0%BB%D1%8C%D1%86%D0%BE%D0%B2%D1%81%D0%BA%D0%B0%D1%8F,35 - 200 - application/json;+charset=utf-8 149.4524ms 
2024-10-09 11:07:11.9313 INFO Request starting HTTP/2 GET https://localhost:7204/api/address?address=%D0%9B%D0%B5%D0%BD%D0%B8%D0%BD%D0%B0,%201 - - - 
2024-10-09 11:07:11.9400 INFO Executing endpoint 'AddressController.GetStandardizedAddress (Standart)' 
2024-10-09 11:07:11.9400 INFO Route matched with {action = "GetStandardizedAddress", controller = "Address"}. Executing controller action with signature System.Threading.Tasks.Task`1[Microsoft.AspNetCore.Mvc.IActionResult] GetStandardizedAddress(System.String) on controller AddressController (Standart). 
2024-10-09 11:07:11.9400 INFO Start processing HTTP request POST https://cleaner.dadata.ru/api/v1/clean/address 
2024-10-09 11:07:11.9400 INFO Sending HTTP request POST https://cleaner.dadata.ru/api/v1/clean/address 
2024-10-09 11:07:12.5109 INFO Received HTTP response headers after 569.8241ms - 200 
2024-10-09 11:07:12.5109 INFO End processing HTTP request after 570.0008ms - 200 
2024-10-09 11:07:12.5109 INFO Executing OkObjectResult, writing value of type 'Standart.Models.AddressResponse'. 
2024-10-09 11:07:12.5109 INFO Executed action AddressController.GetStandardizedAddress (Standart) in 571.3521ms 
2024-10-09 11:07:12.5109 INFO Executed endpoint 'AddressController.GetStandardizedAddress (Standart)' 
2024-10-09 11:07:12.5109 INFO Request finished HTTP/2 GET https://localhost:7204/api/address?address=%D0%9B%D0%B5%D0%BD%D0%B8%D0%BD%D0%B0,%201 - 200 - application/json;+charset=utf-8 581.0922ms 
2024-10-09 11:09:14.2728 INFO User profile is available. Using 'C:\Users\admin\AppData\Local\ASP.NET\DataProtection-Keys' as key repository and Windows DPAPI to encrypt keys at rest. 
2024-10-09 11:09:14.4469 INFO Now listening on: https://localhost:7204 
2024-10-09 11:09:14.4469 INFO Now listening on: http://localhost:5032 
2024-10-09 11:09:14.4918 INFO Application started. Press Ctrl+C to shut down. 
2024-10-09 11:09:14.4918 INFO Hosting environment: Development 
2024-10-09 11:09:14.4918 INFO Content root path: C:\Users\admin\source\repos\Standart 
2024-10-09 11:09:14.9157 INFO Request starting HTTP/2 GET https://localhost:7204/api/address?address=%D0%9B%D0%B5%D0%BD%D0%B8%D0%BD%D0%B0,%201 - - - 
2024-10-09 11:09:15.0035 INFO Executing endpoint 'AddressController.GetStandardizedAddress (Standart)' 
2024-10-09 11:09:15.0185 INFO Route matched with {action = "GetStandardizedAddress", controller = "Address"}. Executing controller action with signature System.Threading.Tasks.Task`1[Microsoft.AspNetCore.Mvc.IActionResult] GetStandardizedAddress(System.String) on controller AddressController (Standart). 
2024-10-09 11:09:15.0948 INFO Start processing HTTP request POST https://cleaner.dadata.ru/api/v1/clean/address 
2024-10-09 11:09:15.0954 INFO Sending HTTP request POST https://cleaner.dadata.ru/api/v1/clean/address 
2024-10-09 11:09:15.5405 INFO Received HTTP response headers after 441.5122ms - 200 
2024-10-09 11:09:15.5405 INFO End processing HTTP request after 448.2946ms - 200 
2024-10-09 11:09:15.6096 INFO Executed action AddressController.GetStandardizedAddress (Standart) in 587.95ms 
2024-10-09 11:09:15.6108 INFO Executed endpoint 'AddressController.GetStandardizedAddress (Standart)' 
2024-10-09 11:09:15.6108 ERROR An unhandled exception has occurred while executing the request. AutoMapper.AutoMapperMappingException: Missing type map configuration or unsupported mapping.

Mapping types:
AddressResponse -> DadataResponseModel
Standart.Models.AddressResponse -> Standart.Models.DadataResponseModel
   at lambda_method13(Closure, Object, DadataResponseModel, ResolutionContext)
   at AddressController.GetStandardizedAddress(String address) in C:\Users\admin\source\repos\Standart\Controllers\AddressController.cs:line 34
   at Microsoft.AspNetCore.Mvc.Infrastructure.ActionMethodExecutor.TaskOfIActionResultExecutor.Execute(ActionContext actionContext, IActionResultTypeMapper mapper, ObjectMethodExecutor executor, Object controller, Object[] arguments)
   at Microsoft.AspNetCore.Mvc.Infrastructure.ControllerActionInvoker.<InvokeActionMethodAsync>g__Awaited|12_0(ControllerActionInvoker invoker, ValueTask`1 actionResultValueTask)
   at Microsoft.AspNetCore.Mvc.Infrastructure.ControllerActionInvoker.<InvokeNextActionFilterAsync>g__Awaited|10_0(ControllerActionInvoker invoker, Task lastTask, State next, Scope scope, Object state, Boolean isCompleted)
   at Microsoft.AspNetCore.Mvc.Infrastructure.ControllerActionInvoker.Rethrow(ActionExecutedContextSealed context)
   at Microsoft.AspNetCore.Mvc.Infrastructure.ControllerActionInvoker.Next(State& next, Scope& scope, Object& state, Boolean& isCompleted)
   at Microsoft.AspNetCore.Mvc.Infrastructure.ControllerActionInvoker.<InvokeInnerFilterAsync>g__Awaited|13_0(ControllerActionInvoker invoker, Task lastTask, State next, Scope scope, Object state, Boolean isCompleted)
   at Microsoft.AspNetCore.Mvc.Infrastructure.ResourceInvoker.<InvokeNextResourceFilter>g__Awaited|25_0(ResourceInvoker invoker, Task lastTask, State next, Scope scope, Object state, Boolean isCompleted)
   at Microsoft.AspNetCore.Mvc.Infrastructure.ResourceInvoker.Rethrow(ResourceExecutedContextSealed context)
   at Microsoft.AspNetCore.Mvc.Infrastructure.ResourceInvoker.Next(State& next, Scope& scope, Object& state, Boolean& isCompleted)
   at Microsoft.AspNetCore.Mvc.Infrastructure.ResourceInvoker.<InvokeFilterPipelineAsync>g__Awaited|20_0(ResourceInvoker invoker, Task lastTask, State next, Scope scope, Object state, Boolean isCompleted)
   at Microsoft.AspNetCore.Mvc.Infrastructure.ResourceInvoker.<InvokeAsync>g__Logged|17_1(ResourceInvoker invoker)
   at Microsoft.AspNetCore.Mvc.Infrastructure.ResourceInvoker.<InvokeAsync>g__Logged|17_1(ResourceInvoker invoker)
   at Microsoft.AspNetCore.Routing.EndpointMiddleware.<Invoke>g__AwaitRequestTask|7_0(Endpoint endpoint, Task requestTask, ILogger logger)
   at Microsoft.AspNetCore.Authorization.AuthorizationMiddleware.Invoke(HttpContext context)
   at Swashbuckle.AspNetCore.SwaggerUI.SwaggerUIMiddleware.Invoke(HttpContext httpContext)
   at Swashbuckle.AspNetCore.Swagger.SwaggerMiddleware.Invoke(HttpContext httpContext, ISwaggerProvider swaggerProvider)
   at Microsoft.AspNetCore.Authentication.AuthenticationMiddleware.Invoke(HttpContext context)
   at Microsoft.AspNetCore.Diagnostics.DeveloperExceptionPageMiddlewareImpl.Invoke(HttpContext context)
2024-10-09 11:14:35.7290 INFO User profile is available. Using 'C:\Users\admin\AppData\Local\ASP.NET\DataProtection-Keys' as key repository and Windows DPAPI to encrypt keys at rest. 
2024-10-09 11:14:35.8999 INFO Now listening on: https://localhost:7204 
2024-10-09 11:14:35.8999 INFO Now listening on: http://localhost:5032 
2024-10-09 11:14:35.9415 INFO Application started. Press Ctrl+C to shut down. 
2024-10-09 11:14:35.9415 INFO Hosting environment: Development 
2024-10-09 11:14:35.9415 INFO Content root path: C:\Users\admin\source\repos\Standart 
2024-10-09 11:14:36.2825 INFO Request starting HTTP/2 GET https://localhost:7204/api/address?address=%D0%9B%D0%B5%D0%BD%D0%B8%D0%BD%D0%B0,%201 - - - 
2024-10-09 11:14:36.3672 INFO Executing endpoint 'AddressController.GetStandardizedAddress (Standart)' 
2024-10-09 11:14:36.3840 INFO Route matched with {action = "GetStandardizedAddress", controller = "Address"}. Executing controller action with signature System.Threading.Tasks.Task`1[Microsoft.AspNetCore.Mvc.IActionResult] GetStandardizedAddress(System.String) on controller AddressController (Standart). 
2024-10-09 11:14:36.4553 INFO Start processing HTTP request POST https://cleaner.dadata.ru/api/v1/clean/address 
2024-10-09 11:14:36.4553 INFO Sending HTTP request POST https://cleaner.dadata.ru/api/v1/clean/address 
2024-10-09 11:14:37.0556 INFO Received HTTP response headers after 596.2832ms - 200 
2024-10-09 11:14:37.0556 INFO End processing HTTP request after 603.1032ms - 200 
2024-10-09 11:14:37.0667 INFO Executing OkObjectResult, writing value of type 'Standart.Models.DadataResponseModel'. 
2024-10-09 11:14:37.0667 INFO Executed action AddressController.GetStandardizedAddress (Standart) in 687.499ms 
2024-10-09 11:14:37.0667 INFO Executed endpoint 'AddressController.GetStandardizedAddress (Standart)' 
2024-10-09 11:14:37.0667 INFO Request finished HTTP/2 GET https://localhost:7204/api/address?address=%D0%9B%D0%B5%D0%BD%D0%B8%D0%BD%D0%B0,%201 - 200 - application/json;+charset=utf-8 797.8273ms 
2024-10-09 11:15:57.9227 INFO User profile is available. Using 'C:\Users\admin\AppData\Local\ASP.NET\DataProtection-Keys' as key repository and Windows DPAPI to encrypt keys at rest. 
2024-10-09 11:15:58.0998 INFO Now listening on: https://localhost:7204 
2024-10-09 11:15:58.0998 INFO Now listening on: http://localhost:5032 
2024-10-09 11:15:58.1486 INFO Application started. Press Ctrl+C to shut down. 
2024-10-09 11:15:58.1486 INFO Hosting environment: Development 
2024-10-09 11:15:58.1486 INFO Content root path: C:\Users\admin\source\repos\Standart 
2024-10-09 11:15:59.0631 INFO Request starting HTTP/2 GET https://localhost:7204/api/address?address=%D0%9B%D0%B5%D0%BD%D0%B8%D0%BD%D0%B0,%201,%20%D0%A0%D0%BE%D1%81%D1%81%D0%B8%D1%8F,%20%D0%A2%D1%83%D0%BB%D1%8C%D1%81%D0%BA%D0%B0%D1%8F%20%D0%BE%D0%B1%D0%BB%D0%B0%D1%81%D1%82%D1%8C - - - 
2024-10-09 11:15:59.1489 INFO Executing endpoint 'AddressController.GetStandardizedAddress (Standart)' 
2024-10-09 11:15:59.1644 INFO Route matched with {action = "GetStandardizedAddress", controller = "Address"}. Executing controller action with signature System.Threading.Tasks.Task`1[Microsoft.AspNetCore.Mvc.IActionResult] GetStandardizedAddress(System.String) on controller AddressController (Standart). 
2024-10-09 11:15:59.2361 INFO Start processing HTTP request POST https://cleaner.dadata.ru/api/v1/clean/address 
2024-10-09 11:15:59.2361 INFO Sending HTTP request POST https://cleaner.dadata.ru/api/v1/clean/address 
2024-10-09 11:15:59.8968 INFO Received HTTP response headers after 656.5279ms - 200 
2024-10-09 11:15:59.8968 INFO End processing HTTP request after 663.535ms - 200 
2024-10-09 11:15:59.9075 INFO Executing OkObjectResult, writing value of type 'Standart.Models.DadataResponseModel'. 
2024-10-09 11:15:59.9075 INFO Executed action AddressController.GetStandardizedAddress (Standart) in 748.2049ms 
2024-10-09 11:15:59.9075 INFO Executed endpoint 'AddressController.GetStandardizedAddress (Standart)' 
2024-10-09 11:15:59.9075 INFO Request finished HTTP/2 GET https://localhost:7204/api/address?address=%D0%9B%D0%B5%D0%BD%D0%B8%D0%BD%D0%B0,%201,%20%D0%A0%D0%BE%D1%81%D1%81%D0%B8%D1%8F,%20%D0%A2%D1%83%D0%BB%D1%8C%D1%81%D0%BA%D0%B0%D1%8F%20%D0%BE%D0%B1%D0%BB%D0%B0%D1%81%D1%82%D1%8C - 200 - application/json;+charset=utf-8 858.3207ms 
2024-10-09 11:16:49.1055 INFO User profile is available. Using 'C:\Users\admin\AppData\Local\ASP.NET\DataProtection-Keys' as key repository and Windows DPAPI to encrypt keys at rest. 
2024-10-09 11:16:49.2784 INFO Now listening on: https://localhost:7204 
2024-10-09 11:16:49.2784 INFO Now listening on: http://localhost:5032 
2024-10-09 11:16:49.3208 INFO Application started. Press Ctrl+C to shut down. 
2024-10-09 11:16:49.3208 INFO Hosting environment: Development 
2024-10-09 11:16:49.3208 INFO Content root path: C:\Users\admin\source\repos\Standart 
2024-10-09 11:16:50.2104 INFO Request starting HTTP/2 GET https://localhost:7204/api/address?address=%D0%BC%D1%81%D0%BA%20%D1%81%D1%83%D1%85%D0%BE%D0%BD%D1%81%D0%BA%D0%B0%2011/-89 - - - 
2024-10-09 11:16:50.2947 INFO Executing endpoint 'AddressController.GetStandardizedAddress (Standart)' 
2024-10-09 11:16:50.3097 INFO Route matched with {action = "GetStandardizedAddress", controller = "Address"}. Executing controller action with signature System.Threading.Tasks.Task`1[Microsoft.AspNetCore.Mvc.IActionResult] GetStandardizedAddress(System.String) on controller AddressController (Standart). 
2024-10-09 11:16:50.3797 INFO Start processing HTTP request POST https://cleaner.dadata.ru/api/v1/clean/address 
2024-10-09 11:16:50.3797 INFO Sending HTTP request POST https://cleaner.dadata.ru/api/v1/clean/address 
2024-10-09 11:16:50.8150 INFO Received HTTP response headers after 429.4842ms - 200 
2024-10-09 11:16:50.8150 INFO End processing HTTP request after 438.3433ms - 200 
2024-10-09 11:16:50.8285 INFO Executing OkObjectResult, writing value of type 'Standart.Models.DadataResponseModel'. 
2024-10-09 11:16:50.8285 INFO Executed action AddressController.GetStandardizedAddress (Standart) in 524.616ms 
2024-10-09 11:16:50.8285 INFO Executed endpoint 'AddressController.GetStandardizedAddress (Standart)' 
2024-10-09 11:16:50.8285 INFO Request finished HTTP/2 GET https://localhost:7204/api/address?address=%D0%BC%D1%81%D0%BA%20%D1%81%D1%83%D1%85%D0%BE%D0%BD%D1%81%D0%BA%D0%B0%2011/-89 - 200 - application/json;+charset=utf-8 635.1442ms 
